2017-06-19 15:24:43 [-][-][-][error][yii\db\Exception] exception 'PDOException' with message 'SQLSTATE[HY000] [2002] Nenhuma conexão pôde ser feita porque a máquina de destino as recusou ativamente.
' in C:\xampp\htdocs\projetos\yii\advanced\vendor\yiisoft\yii2\db\Connection.php:630
Stack trace:
#0 C:\xampp\htdocs\projetos\yii\advanced\vendor\yiisoft\yii2\db\Connection.php(630): PDO->__construct('mysql:host=loca...', 'root', '', NULL)
#1 C:\xampp\htdocs\projetos\yii\advanced\vendor\yiisoft\yii2\db\Connection.php(563): yii\db\Connection->createPdoInstance()
#2 C:\xampp\htdocs\projetos\yii\advanced\vendor\yiisoft\yii2\db\Connection.php(896): yii\db\Connection->open()
#3 C:\xampp\htdocs\projetos\yii\advanced\vendor\yiisoft\yii2\db\Connection.php(883): yii\db\Connection->getMasterPdo()
#4 C:\xampp\htdocs\projetos\yii\advanced\vendor\yiisoft\yii2\db\Command.php(219): yii\db\Connection->getSlavePdo()
#5 C:\xampp\htdocs\projetos\yii\advanced\vendor\yiisoft\yii2\db\Command.php(896): yii\db\Command->prepare(true)
#6 C:\xampp\htdocs\projetos\yii\advanced\vendor\yiisoft\yii2\db\Command.php(362): yii\db\Command->queryInternal('fetchAll', NULL)
#7 C:\xampp\htdocs\projetos\yii\advanced\vendor\yiisoft\yii2\db\mysql\Schema.php(199): yii\db\Command->queryAll()
#8 C:\xampp\htdocs\projetos\yii\advanced\vendor\yiisoft\yii2\db\mysql\Schema.php(98): yii\db\mysql\Schema->findColumns(Object(yii\db\TableSchema))
#9 C:\xampp\htdocs\projetos\yii\advanced\vendor\yiisoft\yii2\db\Schema.php(152): yii\db\mysql\Schema->loadTableSchema('migration')
#10 C:\xampp\htdocs\projetos\yii\advanced\vendor\yiisoft\yii2\console\controllers\MigrateController.php(199): yii\db\Schema->getTableSchema('{{%migration}}', true)
#11 C:\xampp\htdocs\projetos\yii\advanced\vendor\yiisoft\yii2\console\controllers\BaseMigrateController.php(774): yii\console\controllers\MigrateController->getMigrationHistory(NULL)
#12 C:\xampp\htdocs\projetos\yii\advanced\vendor\yiisoft\yii2\console\controllers\BaseMigrateController.php(138): yii\console\controllers\BaseMigrateController->getNewMigrations()
#13 [internal function]: yii\console\controllers\BaseMigrateController->actionUp(0)
#14 C:\xampp\htdocs\projetos\yii\advanced\vendor\yiisoft\yii2\base\InlineAction.php(57): call_user_func_array(Array, Array)
#15 C:\xampp\htdocs\projetos\yii\advanced\vendor\yiisoft\yii2\base\Controller.php(156): yii\base\InlineAction->runWithParams(Array)
#16 C:\xampp\htdocs\projetos\yii\advanced\vendor\yiisoft\yii2\console\Controller.php(128): yii\base\Controller->runAction('', Array)
#17 C:\xampp\htdocs\projetos\yii\advanced\vendor\yiisoft\yii2\base\Module.php(523): yii\console\Controller->runAction('', Array)
#18 C:\xampp\htdocs\projetos\yii\advanced\vendor\yiisoft\yii2\console\Application.php(180): yii\base\Module->runAction('migrate', Array)
#19 C:\xampp\htdocs\projetos\yii\advanced\vendor\yiisoft\yii2\console\Application.php(147): yii\console\Application->runAction('migrate', Array)
#20 C:\xampp\htdocs\projetos\yii\advanced\vendor\yiisoft\yii2\base\Application.php(380): yii\console\Application->handleRequest(Object(yii\console\Request))
#21 C:\xampp\htdocs\projetos\yii\advanced\yii(27): yii\base\Application->run()
#22 {main}

Next exception 'yii\db\Exception' with message 'SQLSTATE[HY000] [2002] Nenhuma conexão pôde ser feita porque a máquina de destino as recusou ativamente.
' in C:\xampp\htdocs\projetos\yii\advanced\vendor\yiisoft\yii2\db\Connection.php:568
Stack trace:
#0 C:\xampp\htdocs\projetos\yii\advanced\vendor\yiisoft\yii2\db\Connection.php(896): yii\db\Connection->open()
#1 C:\xampp\htdocs\projetos\yii\advanced\vendor\yiisoft\yii2\db\Connection.php(883): yii\db\Connection->getMasterPdo()
#2 C:\xampp\htdocs\projetos\yii\advanced\vendor\yiisoft\yii2\db\Command.php(219): yii\db\Connection->getSlavePdo()
#3 C:\xampp\htdocs\projetos\yii\advanced\vendor\yiisoft\yii2\db\Command.php(896): yii\db\Command->prepare(true)
#4 C:\xampp\htdocs\projetos\yii\advanced\vendor\yiisoft\yii2\db\Command.php(362): yii\db\Command->queryInternal('fetchAll', NULL)
#5 C:\xampp\htdocs\projetos\yii\advanced\vendor\yiisoft\yii2\db\mysql\Schema.php(199): yii\db\Command->queryAll()
#6 C:\xampp\htdocs\projetos\yii\advanced\vendor\yiisoft\yii2\db\mysql\Schema.php(98): yii\db\mysql\Schema->findColumns(Object(yii\db\TableSchema))
#7 C:\xampp\htdocs\projetos\yii\advanced\vendor\yiisoft\yii2\db\Schema.php(152): yii\db\mysql\Schema->loadTableSchema('migration')
#8 C:\xampp\htdocs\projetos\yii\advanced\vendor\yiisoft\yii2\console\controllers\MigrateController.php(199): yii\db\Schema->getTableSchema('{{%migration}}', true)
#9 C:\xampp\htdocs\projetos\yii\advanced\vendor\yiisoft\yii2\console\controllers\BaseMigrateController.php(774): yii\console\controllers\MigrateController->getMigrationHistory(NULL)
#10 C:\xampp\htdocs\projetos\yii\advanced\vendor\yiisoft\yii2\console\controllers\BaseMigrateController.php(138): yii\console\controllers\BaseMigrateController->getNewMigrations()
#11 [internal function]: yii\console\controllers\BaseMigrateController->actionUp(0)
#12 C:\xampp\htdocs\projetos\yii\advanced\vendor\yiisoft\yii2\base\InlineAction.php(57): call_user_func_array(Array, Array)
#13 C:\xampp\htdocs\projetos\yii\advanced\vendor\yiisoft\yii2\base\Controller.php(156): yii\base\InlineAction->runWithParams(Array)
#14 C:\xampp\htdocs\projetos\yii\advanced\vendor\yiisoft\yii2\console\Controller.php(128): yii\base\Controller->runAction('', Array)
#15 C:\xampp\htdocs\projetos\yii\advanced\vendor\yiisoft\yii2\base\Module.php(523): yii\console\Controller->runAction('', Array)
#16 C:\xampp\htdocs\projetos\yii\advanced\vendor\yiisoft\yii2\console\Application.php(180): yii\base\Module->runAction('migrate', Array)
#17 C:\xampp\htdocs\projetos\yii\advanced\vendor\yiisoft\yii2\console\Application.php(147): yii\console\Application->runAction('migrate', Array)
#18 C:\xampp\htdocs\projetos\yii\advanced\vendor\yiisoft\yii2\base\Application.php(380): yii\console\Application->handleRequest(Object(yii\console\Request))
#19 C:\xampp\htdocs\projetos\yii\advanced\yii(27): yii\base\Application->run()
#20 {main}
Additional Information:

2017-06-19 15:24:40 [-][-][-][info][application] $_SERVER = [
    'ALLUSERSPROFILE' => 'C:\\ProgramData'
    'APPDATA' => 'C:\\Users\\EMACHINE\\AppData\\Roaming'
    'asl_log' => 'Destination=file'
    'CommonProgramFiles' => 'C:\\Program Files\\Common Files'
    'COMPUTERNAME' => 'THAIS'
    'ComSpec' => 'C:\\WINDOWS\\system32\\cmd.exe'
    'FPS_BROWSER_APP_PROFILE_STRING' => 'Internet Explorer'
    'FPS_BROWSER_USER_PROFILE_STRING' => 'Default'
    'FP_NO_HOST_CHECK' => 'NO'
    'HOMEDRIVE' => 'C:'
    'HOMEPATH' => '\\Users\\EMACHINE'
    'LOCALAPPDATA' => 'C:\\Users\\EMACHINE\\AppData\\Local'
    'LOGONSERVER' => '\\\\THAIS'
    'NUMBER_OF_PROCESSORS' => '2'
    'OneDrive' => 'C:\\Users\\EMACHINE\\OneDrive'
    'OS' => 'Windows_NT'
    'Path' => 'C:\\ProgramData\\Oracle\\Java\\javapath;C:\\Windows\\system32;C:\\Windows;C:\\Windows\\System32\\Wbem;C:\\Windows\\System32\\WindowsPowerShell\\v1.0\\;C:\\Program Files\\Broadcom\\Broadcom 802.11 Network Adapter\\Driver;C:\\WINDOWS\\system32;C:\\WINDOWS;C:\\WINDOWS\\System32\\Wbem;C:\\WINDOWS\\System32\\WindowsPowerShell\\v1.0\\;C:\\Program Files\\CodeBlocks\\MinGW\\bin;C:\\Program Files\\Git\\cmd;C:\\Program Files\\Java\\jdk1.8.0_101/bin;C:\\xampp\\php;C:\\ProgramData\\ComposerSetup\\bin;C:\\Users\\EMACHINE\\AppData\\Local\\Microsoft\\WindowsApps;C:\\Users\\EMACHINE\\AppData\\Roaming\\Composer\\vendor\\bin;C:\\xampp\\php;C:\\xampp\\htdocs\\yii\\framework'
    'PATHEXT' => '.COM;.EXE;.BAT;.CMD;.VBS;.VBE;.JS;.JSE;.WSF;.WSH;.MSC'
    'PROCESSOR_ARCHITECTURE' => 'x86'
    'PROCESSOR_IDENTIFIER' => 'x86 Family 6 Model 23 Stepping 10, GenuineIntel'
    'PROCESSOR_LEVEL' => '6'
    'PROCESSOR_REVISION' => '170a'
    'ProgramData' => 'C:\\ProgramData'
    'ProgramFiles' => 'C:\\Program Files'
    'PROMPT' => '$P$G'
    'PSModulePath' => 'C:\\WINDOWS\\system32\\WindowsPowerShell\\v1.0\\Modules\\'
    'PUBLIC' => 'C:\\Users\\Public'
    'SESSIONNAME' => 'Console'
    'SystemDrive' => 'C:'
    'SystemRoot' => 'C:\\WINDOWS'
    'TEMP' => 'C:\\Users\\EMACHINE\\AppData\\Local\\Temp'
    'TMP' => 'C:\\Users\\EMACHINE\\AppData\\Local\\Temp'
    'USERDOMAIN' => 'THAIS'
    'USERDOMAIN_ROAMINGPROFILE' => 'THAIS'
    'USERNAME' => 'EMACHINE'
    'USERPROFILE' => 'C:\\Users\\EMACHINE'
    'VBOX_MSI_INSTALL_PATH' => 'C:\\Program Files\\Oracle\\VirtualBox\\'
    'windir' => 'C:\\WINDOWS'
    'PHP_SELF' => 'yii'
    'SCRIPT_NAME' => 'yii'
    'SCRIPT_FILENAME' => 'yii'
    'PATH_TRANSLATED' => 'yii'
    'DOCUMENT_ROOT' => ''
    'REQUEST_TIME_FLOAT' => 1497878679.5163
    'REQUEST_TIME' => 1497878679
    'argv' => [
        0 => 'yii'
        1 => 'migrate'
    ]
    'argc' => 2
]
2017-06-19 15:33:38 [-][-][-][error][yii\db\Exception] exception 'PDOException' with message 'SQLSTATE[HY000] [2002] Nenhuma conexão pôde ser feita porque a máquina de destino as recusou ativamente.
' in C:\xampp\htdocs\projetos\yii\advanced\vendor\yiisoft\yii2\db\Connection.php:630
Stack trace:
#0 C:\xampp\htdocs\projetos\yii\advanced\vendor\yiisoft\yii2\db\Connection.php(630): PDO->__construct('mysql:host=loca...', 'root', '', NULL)
#1 C:\xampp\htdocs\projetos\yii\advanced\vendor\yiisoft\yii2\db\Connection.php(563): yii\db\Connection->createPdoInstance()
#2 C:\xampp\htdocs\projetos\yii\advanced\vendor\yiisoft\yii2\db\Connection.php(896): yii\db\Connection->open()
#3 C:\xampp\htdocs\projetos\yii\advanced\vendor\yiisoft\yii2\db\Connection.php(883): yii\db\Connection->getMasterPdo()
#4 C:\xampp\htdocs\projetos\yii\advanced\vendor\yiisoft\yii2\db\Command.php(219): yii\db\Connection->getSlavePdo()
#5 C:\xampp\htdocs\projetos\yii\advanced\vendor\yiisoft\yii2\db\Command.php(896): yii\db\Command->prepare(true)
#6 C:\xampp\htdocs\projetos\yii\advanced\vendor\yiisoft\yii2\db\Command.php(362): yii\db\Command->queryInternal('fetchAll', NULL)
#7 C:\xampp\htdocs\projetos\yii\advanced\vendor\yiisoft\yii2\db\mysql\Schema.php(199): yii\db\Command->queryAll()
#8 C:\xampp\htdocs\projetos\yii\advanced\vendor\yiisoft\yii2\db\mysql\Schema.php(98): yii\db\mysql\Schema->findColumns(Object(yii\db\TableSchema))
#9 C:\xampp\htdocs\projetos\yii\advanced\vendor\yiisoft\yii2\db\Schema.php(152): yii\db\mysql\Schema->loadTableSchema('migration')
#10 C:\xampp\htdocs\projetos\yii\advanced\vendor\yiisoft\yii2\console\controllers\MigrateController.php(199): yii\db\Schema->getTableSchema('{{%migration}}', true)
#11 C:\xampp\htdocs\projetos\yii\advanced\vendor\yiisoft\yii2\console\controllers\BaseMigrateController.php(774): yii\console\controllers\MigrateController->getMigrationHistory(NULL)
#12 C:\xampp\htdocs\projetos\yii\advanced\vendor\yiisoft\yii2\console\controllers\BaseMigrateController.php(138): yii\console\controllers\BaseMigrateController->getNewMigrations()
#13 [internal function]: yii\console\controllers\BaseMigrateController->actionUp(0)
#14 C:\xampp\htdocs\projetos\yii\advanced\vendor\yiisoft\yii2\base\InlineAction.php(57): call_user_func_array(Array, Array)
#15 C:\xampp\htdocs\projetos\yii\advanced\vendor\yiisoft\yii2\base\Controller.php(156): yii\base\InlineAction->runWithParams(Array)
#16 C:\xampp\htdocs\projetos\yii\advanced\vendor\yiisoft\yii2\console\Controller.php(128): yii\base\Controller->runAction('', Array)
#17 C:\xampp\htdocs\projetos\yii\advanced\vendor\yiisoft\yii2\base\Module.php(523): yii\console\Controller->runAction('', Array)
#18 C:\xampp\htdocs\projetos\yii\advanced\vendor\yiisoft\yii2\console\Application.php(180): yii\base\Module->runAction('migrate', Array)
#19 C:\xampp\htdocs\projetos\yii\advanced\vendor\yiisoft\yii2\console\Application.php(147): yii\console\Application->runAction('migrate', Array)
#20 C:\xampp\htdocs\projetos\yii\advanced\vendor\yiisoft\yii2\base\Application.php(380): yii\console\Application->handleRequest(Object(yii\console\Request))
#21 C:\xampp\htdocs\projetos\yii\advanced\yii(27): yii\base\Application->run()
#22 {main}

Next exception 'yii\db\Exception' with message 'SQLSTATE[HY000] [2002] Nenhuma conexão pôde ser feita porque a máquina de destino as recusou ativamente.
' in C:\xampp\htdocs\projetos\yii\advanced\vendor\yiisoft\yii2\db\Connection.php:568
Stack trace:
#0 C:\xampp\htdocs\projetos\yii\advanced\vendor\yiisoft\yii2\db\Connection.php(896): yii\db\Connection->open()
#1 C:\xampp\htdocs\projetos\yii\advanced\vendor\yiisoft\yii2\db\Connection.php(883): yii\db\Connection->getMasterPdo()
#2 C:\xampp\htdocs\projetos\yii\advanced\vendor\yiisoft\yii2\db\Command.php(219): yii\db\Connection->getSlavePdo()
#3 C:\xampp\htdocs\projetos\yii\advanced\vendor\yiisoft\yii2\db\Command.php(896): yii\db\Command->prepare(true)
#4 C:\xampp\htdocs\projetos\yii\advanced\vendor\yiisoft\yii2\db\Command.php(362): yii\db\Command->queryInternal('fetchAll', NULL)
#5 C:\xampp\htdocs\projetos\yii\advanced\vendor\yiisoft\yii2\db\mysql\Schema.php(199): yii\db\Command->queryAll()
#6 C:\xampp\htdocs\projetos\yii\advanced\vendor\yiisoft\yii2\db\mysql\Schema.php(98): yii\db\mysql\Schema->findColumns(Object(yii\db\TableSchema))
#7 C:\xampp\htdocs\projetos\yii\advanced\vendor\yiisoft\yii2\db\Schema.php(152): yii\db\mysql\Schema->loadTableSchema('migration')
#8 C:\xampp\htdocs\projetos\yii\advanced\vendor\yiisoft\yii2\console\controllers\MigrateController.php(199): yii\db\Schema->getTableSchema('{{%migration}}', true)
#9 C:\xampp\htdocs\projetos\yii\advanced\vendor\yiisoft\yii2\console\controllers\BaseMigrateController.php(774): yii\console\controllers\MigrateController->getMigrationHistory(NULL)
#10 C:\xampp\htdocs\projetos\yii\advanced\vendor\yiisoft\yii2\console\controllers\BaseMigrateController.php(138): yii\console\controllers\BaseMigrateController->getNewMigrations()
#11 [internal function]: yii\console\controllers\BaseMigrateController->actionUp(0)
#12 C:\xampp\htdocs\projetos\yii\advanced\vendor\yiisoft\yii2\base\InlineAction.php(57): call_user_func_array(Array, Array)
#13 C:\xampp\htdocs\projetos\yii\advanced\vendor\yiisoft\yii2\base\Controller.php(156): yii\base\InlineAction->runWithParams(Array)
#14 C:\xampp\htdocs\projetos\yii\advanced\vendor\yiisoft\yii2\console\Controller.php(128): yii\base\Controller->runAction('', Array)
#15 C:\xampp\htdocs\projetos\yii\advanced\vendor\yiisoft\yii2\base\Module.php(523): yii\console\Controller->runAction('', Array)
#16 C:\xampp\htdocs\projetos\yii\advanced\vendor\yiisoft\yii2\console\Application.php(180): yii\base\Module->runAction('migrate', Array)
#17 C:\xampp\htdocs\projetos\yii\advanced\vendor\yiisoft\yii2\console\Application.php(147): yii\console\Application->runAction('migrate', Array)
#18 C:\xampp\htdocs\projetos\yii\advanced\vendor\yiisoft\yii2\base\Application.php(380): yii\console\Application->handleRequest(Object(yii\console\Request))
#19 C:\xampp\htdocs\projetos\yii\advanced\yii(27): yii\base\Application->run()
#20 {main}
Additional Information:

2017-06-19 15:33:36 [-][-][-][info][application] $_SERVER = [
    'ALLUSERSPROFILE' => 'C:\\ProgramData'
    'APPDATA' => 'C:\\Users\\EMACHINE\\AppData\\Roaming'
    'asl_log' => 'Destination=file'
    'CommonProgramFiles' => 'C:\\Program Files\\Common Files'
    'COMPUTERNAME' => 'THAIS'
    'ComSpec' => 'C:\\WINDOWS\\system32\\cmd.exe'
    'FPS_BROWSER_APP_PROFILE_STRING' => 'Internet Explorer'
    'FPS_BROWSER_USER_PROFILE_STRING' => 'Default'
    'FP_NO_HOST_CHECK' => 'NO'
    'HOMEDRIVE' => 'C:'
    'HOMEPATH' => '\\Users\\EMACHINE'
    'LOCALAPPDATA' => 'C:\\Users\\EMACHINE\\AppData\\Local'
    'LOGONSERVER' => '\\\\THAIS'
    'NUMBER_OF_PROCESSORS' => '2'
    'OneDrive' => 'C:\\Users\\EMACHINE\\OneDrive'
    'OS' => 'Windows_NT'
    'Path' => 'C:\\ProgramData\\Oracle\\Java\\javapath;C:\\Windows\\system32;C:\\Windows;C:\\Windows\\System32\\Wbem;C:\\Windows\\System32\\WindowsPowerShell\\v1.0\\;C:\\Program Files\\Broadcom\\Broadcom 802.11 Network Adapter\\Driver;C:\\WINDOWS\\system32;C:\\WINDOWS;C:\\WINDOWS\\System32\\Wbem;C:\\WINDOWS\\System32\\WindowsPowerShell\\v1.0\\;C:\\Program Files\\CodeBlocks\\MinGW\\bin;C:\\Program Files\\Git\\cmd;C:\\Program Files\\Java\\jdk1.8.0_101/bin;C:\\xampp\\php;C:\\ProgramData\\ComposerSetup\\bin;C:\\Users\\EMACHINE\\AppData\\Local\\Microsoft\\WindowsApps;C:\\Users\\EMACHINE\\AppData\\Roaming\\Composer\\vendor\\bin;C:\\xampp\\php;C:\\xampp\\htdocs\\yii\\framework'
    'PATHEXT' => '.COM;.EXE;.BAT;.CMD;.VBS;.VBE;.JS;.JSE;.WSF;.WSH;.MSC'
    'PROCESSOR_ARCHITECTURE' => 'x86'
    'PROCESSOR_IDENTIFIER' => 'x86 Family 6 Model 23 Stepping 10, GenuineIntel'
    'PROCESSOR_LEVEL' => '6'
    'PROCESSOR_REVISION' => '170a'
    'ProgramData' => 'C:\\ProgramData'
    'ProgramFiles' => 'C:\\Program Files'
    'PROMPT' => '$P$G'
    'PSModulePath' => 'C:\\WINDOWS\\system32\\WindowsPowerShell\\v1.0\\Modules\\'
    'PUBLIC' => 'C:\\Users\\Public'
    'SESSIONNAME' => 'Console'
    'SystemDrive' => 'C:'
    'SystemRoot' => 'C:\\WINDOWS'
    'TEMP' => 'C:\\Users\\EMACHINE\\AppData\\Local\\Temp'
    'TMP' => 'C:\\Users\\EMACHINE\\AppData\\Local\\Temp'
    'USERDOMAIN' => 'THAIS'
    'USERDOMAIN_ROAMINGPROFILE' => 'THAIS'
    'USERNAME' => 'EMACHINE'
    'USERPROFILE' => 'C:\\Users\\EMACHINE'
    'VBOX_MSI_INSTALL_PATH' => 'C:\\Program Files\\Oracle\\VirtualBox\\'
    'windir' => 'C:\\WINDOWS'
    'PHP_SELF' => 'yii'
    'SCRIPT_NAME' => 'yii'
    'SCRIPT_FILENAME' => 'yii'
    'PATH_TRANSLATED' => 'yii'
    'DOCUMENT_ROOT' => ''
    'REQUEST_TIME_FLOAT' => 1497879216.7065
    'REQUEST_TIME' => 1497879216
    'argv' => [
        0 => 'yii'
        1 => 'migrate'
    ]
    'argc' => 2
]
2017-06-19 15:41:21 [-][-][-][error][yii\db\Exception] exception 'PDOException' with message 'SQLSTATE[HY000] [2002] Nenhuma conexão pôde ser feita porque a máquina de destino as recusou ativamente.
' in C:\xampp\htdocs\projetos\yii\advanced\vendor\yiisoft\yii2\db\Connection.php:630
Stack trace:
#0 C:\xampp\htdocs\projetos\yii\advanced\vendor\yiisoft\yii2\db\Connection.php(630): PDO->__construct('mysql:host=loca...', 'root', '', NULL)
#1 C:\xampp\htdocs\projetos\yii\advanced\vendor\yiisoft\yii2\db\Connection.php(563): yii\db\Connection->createPdoInstance()
#2 C:\xampp\htdocs\projetos\yii\advanced\vendor\yiisoft\yii2\db\Connection.php(896): yii\db\Connection->open()
#3 C:\xampp\htdocs\projetos\yii\advanced\vendor\yiisoft\yii2\db\Connection.php(883): yii\db\Connection->getMasterPdo()
#4 C:\xampp\htdocs\projetos\yii\advanced\vendor\yiisoft\yii2\db\Command.php(219): yii\db\Connection->getSlavePdo()
#5 C:\xampp\htdocs\projetos\yii\advanced\vendor\yiisoft\yii2\db\Command.php(896): yii\db\Command->prepare(true)
#6 C:\xampp\htdocs\projetos\yii\advanced\vendor\yiisoft\yii2\db\Command.php(362): yii\db\Command->queryInternal('fetchAll', NULL)
#7 C:\xampp\htdocs\projetos\yii\advanced\vendor\yiisoft\yii2\db\mysql\Schema.php(199): yii\db\Command->queryAll()
#8 C:\xampp\htdocs\projetos\yii\advanced\vendor\yiisoft\yii2\db\mysql\Schema.php(98): yii\db\mysql\Schema->findColumns(Object(yii\db\TableSchema))
#9 C:\xampp\htdocs\projetos\yii\advanced\vendor\yiisoft\yii2\db\Schema.php(152): yii\db\mysql\Schema->loadTableSchema('migration')
#10 C:\xampp\htdocs\projetos\yii\advanced\vendor\yiisoft\yii2\console\controllers\MigrateController.php(199): yii\db\Schema->getTableSchema('{{%migration}}', true)
#11 C:\xampp\htdocs\projetos\yii\advanced\vendor\yiisoft\yii2\console\controllers\BaseMigrateController.php(774): yii\console\controllers\MigrateController->getMigrationHistory(NULL)
#12 C:\xampp\htdocs\projetos\yii\advanced\vendor\yiisoft\yii2\console\controllers\BaseMigrateController.php(138): yii\console\controllers\BaseMigrateController->getNewMigrations()
#13 [internal function]: yii\console\controllers\BaseMigrateController->actionUp(0)
#14 C:\xampp\htdocs\projetos\yii\advanced\vendor\yiisoft\yii2\base\InlineAction.php(57): call_user_func_array(Array, Array)
#15 C:\xampp\htdocs\projetos\yii\advanced\vendor\yiisoft\yii2\base\Controller.php(156): yii\base\InlineAction->runWithParams(Array)
#16 C:\xampp\htdocs\projetos\yii\advanced\vendor\yiisoft\yii2\console\Controller.php(128): yii\base\Controller->runAction('', Array)
#17 C:\xampp\htdocs\projetos\yii\advanced\vendor\yiisoft\yii2\base\Module.php(523): yii\console\Controller->runAction('', Array)
#18 C:\xampp\htdocs\projetos\yii\advanced\vendor\yiisoft\yii2\console\Application.php(180): yii\base\Module->runAction('migrate', Array)
#19 C:\xampp\htdocs\projetos\yii\advanced\vendor\yiisoft\yii2\console\Application.php(147): yii\console\Application->runAction('migrate', Array)
#20 C:\xampp\htdocs\projetos\yii\advanced\vendor\yiisoft\yii2\base\Application.php(380): yii\console\Application->handleRequest(Object(yii\console\Request))
#21 C:\xampp\htdocs\projetos\yii\advanced\yii(27): yii\base\Application->run()
#22 {main}

Next exception 'yii\db\Exception' with message 'SQLSTATE[HY000] [2002] Nenhuma conexão pôde ser feita porque a máquina de destino as recusou ativamente.
' in C:\xampp\htdocs\projetos\yii\advanced\vendor\yiisoft\yii2\db\Connection.php:568
Stack trace:
#0 C:\xampp\htdocs\projetos\yii\advanced\vendor\yiisoft\yii2\db\Connection.php(896): yii\db\Connection->open()
#1 C:\xampp\htdocs\projetos\yii\advanced\vendor\yiisoft\yii2\db\Connection.php(883): yii\db\Connection->getMasterPdo()
#2 C:\xampp\htdocs\projetos\yii\advanced\vendor\yiisoft\yii2\db\Command.php(219): yii\db\Connection->getSlavePdo()
#3 C:\xampp\htdocs\projetos\yii\advanced\vendor\yiisoft\yii2\db\Command.php(896): yii\db\Command->prepare(true)
#4 C:\xampp\htdocs\projetos\yii\advanced\vendor\yiisoft\yii2\db\Command.php(362): yii\db\Command->queryInternal('fetchAll', NULL)
#5 C:\xampp\htdocs\projetos\yii\advanced\vendor\yiisoft\yii2\db\mysql\Schema.php(199): yii\db\Command->queryAll()
#6 C:\xampp\htdocs\projetos\yii\advanced\vendor\yiisoft\yii2\db\mysql\Schema.php(98): yii\db\mysql\Schema->findColumns(Object(yii\db\TableSchema))
#7 C:\xampp\htdocs\projetos\yii\advanced\vendor\yiisoft\yii2\db\Schema.php(152): yii\db\mysql\Schema->loadTableSchema('migration')
#8 C:\xampp\htdocs\projetos\yii\advanced\vendor\yiisoft\yii2\console\controllers\MigrateController.php(199): yii\db\Schema->getTableSchema('{{%migration}}', true)
#9 C:\xampp\htdocs\projetos\yii\advanced\vendor\yiisoft\yii2\console\controllers\BaseMigrateController.php(774): yii\console\controllers\MigrateController->getMigrationHistory(NULL)
#10 C:\xampp\htdocs\projetos\yii\advanced\vendor\yiisoft\yii2\console\controllers\BaseMigrateController.php(138): yii\console\controllers\BaseMigrateController->getNewMigrations()
#11 [internal function]: yii\console\controllers\BaseMigrateController->actionUp(0)
#12 C:\xampp\htdocs\projetos\yii\advanced\vendor\yiisoft\yii2\base\InlineAction.php(57): call_user_func_array(Array, Array)
#13 C:\xampp\htdocs\projetos\yii\advanced\vendor\yiisoft\yii2\base\Controller.php(156): yii\base\InlineAction->runWithParams(Array)
#14 C:\xampp\htdocs\projetos\yii\advanced\vendor\yiisoft\yii2\console\Controller.php(128): yii\base\Controller->runAction('', Array)
#15 C:\xampp\htdocs\projetos\yii\advanced\vendor\yiisoft\yii2\base\Module.php(523): yii\console\Controller->runAction('', Array)
#16 C:\xampp\htdocs\projetos\yii\advanced\vendor\yiisoft\yii2\console\Application.php(180): yii\base\Module->runAction('migrate', Array)
#17 C:\xampp\htdocs\projetos\yii\advanced\vendor\yiisoft\yii2\console\Application.php(147): yii\console\Application->runAction('migrate', Array)
#18 C:\xampp\htdocs\projetos\yii\advanced\vendor\yiisoft\yii2\base\Application.php(380): yii\console\Application->handleRequest(Object(yii\console\Request))
#19 C:\xampp\htdocs\projetos\yii\advanced\yii(27): yii\base\Application->run()
#20 {main}
Additional Information:

2017-06-19 15:41:19 [-][-][-][info][application] $_SERVER = [
    'ALLUSERSPROFILE' => 'C:\\ProgramData'
    'APPDATA' => 'C:\\Users\\EMACHINE\\AppData\\Roaming'
    'asl_log' => 'Destination=file'
    'CommonProgramFiles' => 'C:\\Program Files\\Common Files'
    'COMPUTERNAME' => 'THAIS'
    'ComSpec' => 'C:\\WINDOWS\\system32\\cmd.exe'
    'FPS_BROWSER_APP_PROFILE_STRING' => 'Internet Explorer'
    'FPS_BROWSER_USER_PROFILE_STRING' => 'Default'
    'FP_NO_HOST_CHECK' => 'NO'
    'HOMEDRIVE' => 'C:'
    'HOMEPATH' => '\\Users\\EMACHINE'
    'LOCALAPPDATA' => 'C:\\Users\\EMACHINE\\AppData\\Local'
    'LOGONSERVER' => '\\\\THAIS'
    'NUMBER_OF_PROCESSORS' => '2'
    'OneDrive' => 'C:\\Users\\EMACHINE\\OneDrive'
    'OS' => 'Windows_NT'
    'Path' => 'C:\\ProgramData\\Oracle\\Java\\javapath;C:\\Windows\\system32;C:\\Windows;C:\\Windows\\System32\\Wbem;C:\\Windows\\System32\\WindowsPowerShell\\v1.0\\;C:\\Program Files\\Broadcom\\Broadcom 802.11 Network Adapter\\Driver;C:\\WINDOWS\\system32;C:\\WINDOWS;C:\\WINDOWS\\System32\\Wbem;C:\\WINDOWS\\System32\\WindowsPowerShell\\v1.0\\;C:\\Program Files\\CodeBlocks\\MinGW\\bin;C:\\Program Files\\Git\\cmd;C:\\Program Files\\Java\\jdk1.8.0_101/bin;C:\\xampp\\php;C:\\ProgramData\\ComposerSetup\\bin;C:\\Users\\EMACHINE\\AppData\\Local\\Microsoft\\WindowsApps;C:\\Users\\EMACHINE\\AppData\\Roaming\\Composer\\vendor\\bin;C:\\xampp\\php;C:\\xampp\\htdocs\\yii\\framework'
    'PATHEXT' => '.COM;.EXE;.BAT;.CMD;.VBS;.VBE;.JS;.JSE;.WSF;.WSH;.MSC'
    'PROCESSOR_ARCHITECTURE' => 'x86'
    'PROCESSOR_IDENTIFIER' => 'x86 Family 6 Model 23 Stepping 10, GenuineIntel'
    'PROCESSOR_LEVEL' => '6'
    'PROCESSOR_REVISION' => '170a'
    'ProgramData' => 'C:\\ProgramData'
    'ProgramFiles' => 'C:\\Program Files'
    'PROMPT' => '$P$G'
    'PSModulePath' => 'C:\\WINDOWS\\system32\\WindowsPowerShell\\v1.0\\Modules\\'
    'PUBLIC' => 'C:\\Users\\Public'
    'SESSIONNAME' => 'Console'
    'SystemDrive' => 'C:'
    'SystemRoot' => 'C:\\WINDOWS'
    'TEMP' => 'C:\\Users\\EMACHINE\\AppData\\Local\\Temp'
    'TMP' => 'C:\\Users\\EMACHINE\\AppData\\Local\\Temp'
    'USERDOMAIN' => 'THAIS'
    'USERDOMAIN_ROAMINGPROFILE' => 'THAIS'
    'USERNAME' => 'EMACHINE'
    'USERPROFILE' => 'C:\\Users\\EMACHINE'
    'VBOX_MSI_INSTALL_PATH' => 'C:\\Program Files\\Oracle\\VirtualBox\\'
    'windir' => 'C:\\WINDOWS'
    'PHP_SELF' => 'yii'
    'SCRIPT_NAME' => 'yii'
    'SCRIPT_FILENAME' => 'yii'
    'PATH_TRANSLATED' => 'yii'
    'DOCUMENT_ROOT' => ''
    'REQUEST_TIME_FLOAT' => 1497879679.2547
    'REQUEST_TIME' => 1497879679
    'argv' => [
        0 => 'yii'
        1 => 'migrate'
    ]
    'argc' => 2
]
2017-06-19 15:42:27 [-][-][-][error][yii\db\Exception] exception 'PDOException' with message 'SQLSTATE[HY000] [2002] Nenhuma conexão pôde ser feita porque a máquina de destino as recusou ativamente.
' in C:\xampp\htdocs\projetos\yii\advanced\vendor\yiisoft\yii2\db\Connection.php:630
Stack trace:
#0 C:\xampp\htdocs\projetos\yii\advanced\vendor\yiisoft\yii2\db\Connection.php(630): PDO->__construct('mysql:host=127....', 'root', '', NULL)
#1 C:\xampp\htdocs\projetos\yii\advanced\vendor\yiisoft\yii2\db\Connection.php(563): yii\db\Connection->createPdoInstance()
#2 C:\xampp\htdocs\projetos\yii\advanced\vendor\yiisoft\yii2\db\Connection.php(896): yii\db\Connection->open()
#3 C:\xampp\htdocs\projetos\yii\advanced\vendor\yiisoft\yii2\db\Connection.php(883): yii\db\Connection->getMasterPdo()
#4 C:\xampp\htdocs\projetos\yii\advanced\vendor\yiisoft\yii2\db\Command.php(219): yii\db\Connection->getSlavePdo()
#5 C:\xampp\htdocs\projetos\yii\advanced\vendor\yiisoft\yii2\db\Command.php(896): yii\db\Command->prepare(true)
#6 C:\xampp\htdocs\projetos\yii\advanced\vendor\yiisoft\yii2\db\Command.php(362): yii\db\Command->queryInternal('fetchAll', NULL)
#7 C:\xampp\htdocs\projetos\yii\advanced\vendor\yiisoft\yii2\db\mysql\Schema.php(199): yii\db\Command->queryAll()
#8 C:\xampp\htdocs\projetos\yii\advanced\vendor\yiisoft\yii2\db\mysql\Schema.php(98): yii\db\mysql\Schema->findColumns(Object(yii\db\TableSchema))
#9 C:\xampp\htdocs\projetos\yii\advanced\vendor\yiisoft\yii2\db\Schema.php(152): yii\db\mysql\Schema->loadTableSchema('migration')
#10 C:\xampp\htdocs\projetos\yii\advanced\vendor\yiisoft\yii2\console\controllers\MigrateController.php(199): yii\db\Schema->getTableSchema('{{%migration}}', true)
#11 C:\xampp\htdocs\projetos\yii\advanced\vendor\yiisoft\yii2\console\controllers\BaseMigrateController.php(774): yii\console\controllers\MigrateController->getMigrationHistory(NULL)
#12 C:\xampp\htdocs\projetos\yii\advanced\vendor\yiisoft\yii2\console\controllers\BaseMigrateController.php(138): yii\console\controllers\BaseMigrateController->getNewMigrations()
#13 [internal function]: yii\console\controllers\BaseMigrateController->actionUp(0)
#14 C:\xampp\htdocs\projetos\yii\advanced\vendor\yiisoft\yii2\base\InlineAction.php(57): call_user_func_array(Array, Array)
#15 C:\xampp\htdocs\projetos\yii\advanced\vendor\yiisoft\yii2\base\Controller.php(156): yii\base\InlineAction->runWithParams(Array)
#16 C:\xampp\htdocs\projetos\yii\advanced\vendor\yiisoft\yii2\console\Controller.php(128): yii\base\Controller->runAction('', Array)
#17 C:\xampp\htdocs\projetos\yii\advanced\vendor\yiisoft\yii2\base\Module.php(523): yii\console\Controller->runAction('', Array)
#18 C:\xampp\htdocs\projetos\yii\advanced\vendor\yiisoft\yii2\console\Application.php(180): yii\base\Module->runAction('migrate', Array)
#19 C:\xampp\htdocs\projetos\yii\advanced\vendor\yiisoft\yii2\console\Application.php(147): yii\console\Application->runAction('migrate', Array)
#20 C:\xampp\htdocs\projetos\yii\advanced\vendor\yiisoft\yii2\base\Application.php(380): yii\console\Application->handleRequest(Object(yii\console\Request))
#21 C:\xampp\htdocs\projetos\yii\advanced\yii(27): yii\base\Application->run()
#22 {main}

Next exception 'yii\db\Exception' with message 'SQLSTATE[HY000] [2002] Nenhuma conexão pôde ser feita porque a máquina de destino as recusou ativamente.
' in C:\xampp\htdocs\projetos\yii\advanced\vendor\yiisoft\yii2\db\Connection.php:568
Stack trace:
#0 C:\xampp\htdocs\projetos\yii\advanced\vendor\yiisoft\yii2\db\Connection.php(896): yii\db\Connection->open()
#1 C:\xampp\htdocs\projetos\yii\advanced\vendor\yiisoft\yii2\db\Connection.php(883): yii\db\Connection->getMasterPdo()
#2 C:\xampp\htdocs\projetos\yii\advanced\vendor\yiisoft\yii2\db\Command.php(219): yii\db\Connection->getSlavePdo()
#3 C:\xampp\htdocs\projetos\yii\advanced\vendor\yiisoft\yii2\db\Command.php(896): yii\db\Command->prepare(true)
#4 C:\xampp\htdocs\projetos\yii\advanced\vendor\yiisoft\yii2\db\Command.php(362): yii\db\Command->queryInternal('fetchAll', NULL)
#5 C:\xampp\htdocs\projetos\yii\advanced\vendor\yiisoft\yii2\db\mysql\Schema.php(199): yii\db\Command->queryAll()
#6 C:\xampp\htdocs\projetos\yii\advanced\vendor\yiisoft\yii2\db\mysql\Schema.php(98): yii\db\mysql\Schema->findColumns(Object(yii\db\TableSchema))
#7 C:\xampp\htdocs\projetos\yii\advanced\vendor\yiisoft\yii2\db\Schema.php(152): yii\db\mysql\Schema->loadTableSchema('migration')
#8 C:\xampp\htdocs\projetos\yii\advanced\vendor\yiisoft\yii2\console\controllers\MigrateController.php(199): yii\db\Schema->getTableSchema('{{%migration}}', true)
#9 C:\xampp\htdocs\projetos\yii\advanced\vendor\yiisoft\yii2\console\controllers\BaseMigrateController.php(774): yii\console\controllers\MigrateController->getMigrationHistory(NULL)
#10 C:\xampp\htdocs\projetos\yii\advanced\vendor\yiisoft\yii2\console\controllers\BaseMigrateController.php(138): yii\console\controllers\BaseMigrateController->getNewMigrations()
#11 [internal function]: yii\console\controllers\BaseMigrateController->actionUp(0)
#12 C:\xampp\htdocs\projetos\yii\advanced\vendor\yiisoft\yii2\base\InlineAction.php(57): call_user_func_array(Array, Array)
#13 C:\xampp\htdocs\projetos\yii\advanced\vendor\yiisoft\yii2\base\Controller.php(156): yii\base\InlineAction->runWithParams(Array)
#14 C:\xampp\htdocs\projetos\yii\advanced\vendor\yiisoft\yii2\console\Controller.php(128): yii\base\Controller->runAction('', Array)
#15 C:\xampp\htdocs\projetos\yii\advanced\vendor\yiisoft\yii2\base\Module.php(523): yii\console\Controller->runAction('', Array)
#16 C:\xampp\htdocs\projetos\yii\advanced\vendor\yiisoft\yii2\console\Application.php(180): yii\base\Module->runAction('migrate', Array)
#17 C:\xampp\htdocs\projetos\yii\advanced\vendor\yiisoft\yii2\console\Application.php(147): yii\console\Application->runAction('migrate', Array)
#18 C:\xampp\htdocs\projetos\yii\advanced\vendor\yiisoft\yii2\base\Application.php(380): yii\console\Application->handleRequest(Object(yii\console\Request))
#19 C:\xampp\htdocs\projetos\yii\advanced\yii(27): yii\base\Application->run()
#20 {main}
Additional Information:

2017-06-19 15:42:26 [-][-][-][info][application] $_SERVER = [
    'ALLUSERSPROFILE' => 'C:\\ProgramData'
    'APPDATA' => 'C:\\Users\\EMACHINE\\AppData\\Roaming'
    'asl_log' => 'Destination=file'
    'CommonProgramFiles' => 'C:\\Program Files\\Common Files'
    'COMPUTERNAME' => 'THAIS'
    'ComSpec' => 'C:\\WINDOWS\\system32\\cmd.exe'
    'FPS_BROWSER_APP_PROFILE_STRING' => 'Internet Explorer'
    'FPS_BROWSER_USER_PROFILE_STRING' => 'Default'
    'FP_NO_HOST_CHECK' => 'NO'
    'HOMEDRIVE' => 'C:'
    'HOMEPATH' => '\\Users\\EMACHINE'
    'LOCALAPPDATA' => 'C:\\Users\\EMACHINE\\AppData\\Local'
    'LOGONSERVER' => '\\\\THAIS'
    'NUMBER_OF_PROCESSORS' => '2'
    'OneDrive' => 'C:\\Users\\EMACHINE\\OneDrive'
    'OS' => 'Windows_NT'
    'Path' => 'C:\\ProgramData\\Oracle\\Java\\javapath;C:\\Windows\\system32;C:\\Windows;C:\\Windows\\System32\\Wbem;C:\\Windows\\System32\\WindowsPowerShell\\v1.0\\;C:\\Program Files\\Broadcom\\Broadcom 802.11 Network Adapter\\Driver;C:\\WINDOWS\\system32;C:\\WINDOWS;C:\\WINDOWS\\System32\\Wbem;C:\\WINDOWS\\System32\\WindowsPowerShell\\v1.0\\;C:\\Program Files\\CodeBlocks\\MinGW\\bin;C:\\Program Files\\Git\\cmd;C:\\Program Files\\Java\\jdk1.8.0_101/bin;C:\\xampp\\php;C:\\ProgramData\\ComposerSetup\\bin;C:\\Users\\EMACHINE\\AppData\\Local\\Microsoft\\WindowsApps;C:\\Users\\EMACHINE\\AppData\\Roaming\\Composer\\vendor\\bin;C:\\xampp\\php;C:\\xampp\\htdocs\\yii\\framework'
    'PATHEXT' => '.COM;.EXE;.BAT;.CMD;.VBS;.VBE;.JS;.JSE;.WSF;.WSH;.MSC'
    'PROCESSOR_ARCHITECTURE' => 'x86'
    'PROCESSOR_IDENTIFIER' => 'x86 Family 6 Model 23 Stepping 10, GenuineIntel'
    'PROCESSOR_LEVEL' => '6'
    'PROCESSOR_REVISION' => '170a'
    'ProgramData' => 'C:\\ProgramData'
    'ProgramFiles' => 'C:\\Program Files'
    'PROMPT' => '$P$G'
    'PSModulePath' => 'C:\\WINDOWS\\system32\\WindowsPowerShell\\v1.0\\Modules\\'
    'PUBLIC' => 'C:\\Users\\Public'
    'SESSIONNAME' => 'Console'
    'SystemDrive' => 'C:'
    'SystemRoot' => 'C:\\WINDOWS'
    'TEMP' => 'C:\\Users\\EMACHINE\\AppData\\Local\\Temp'
    'TMP' => 'C:\\Users\\EMACHINE\\AppData\\Local\\Temp'
    'USERDOMAIN' => 'THAIS'
    'USERDOMAIN_ROAMINGPROFILE' => 'THAIS'
    'USERNAME' => 'EMACHINE'
    'USERPROFILE' => 'C:\\Users\\EMACHINE'
    'VBOX_MSI_INSTALL_PATH' => 'C:\\Program Files\\Oracle\\VirtualBox\\'
    'windir' => 'C:\\WINDOWS'
    'PHP_SELF' => 'yii'
    'SCRIPT_NAME' => 'yii'
    'SCRIPT_FILENAME' => 'yii'
    'PATH_TRANSLATED' => 'yii'
    'DOCUMENT_ROOT' => ''
    'REQUEST_TIME_FLOAT' => 1497879746.3862
    'REQUEST_TIME' => 1497879746
    'argv' => [
        0 => 'yii'
        1 => 'migrate'
    ]
    'argc' => 2
]
2017-06-21 04:31:52 [-][-][-][error][yii\db\Exception] exception 'PDOException' with message 'SQLSTATE[HY000] [2002] Nenhuma conexão pôde ser feita porque a máquina de destino as recusou ativamente.
' in C:\xampp\htdocs\projetos\yii\advanced\vendor\yiisoft\yii2\db\Connection.php:630
Stack trace:
#0 C:\xampp\htdocs\projetos\yii\advanced\vendor\yiisoft\yii2\db\Connection.php(630): PDO->__construct('mysql:host=loca...', 'root', '', NULL)
#1 C:\xampp\htdocs\projetos\yii\advanced\vendor\yiisoft\yii2\db\Connection.php(563): yii\db\Connection->createPdoInstance()
#2 C:\xampp\htdocs\projetos\yii\advanced\vendor\yiisoft\yii2\db\Connection.php(896): yii\db\Connection->open()
#3 C:\xampp\htdocs\projetos\yii\advanced\vendor\yiisoft\yii2\db\Connection.php(883): yii\db\Connection->getMasterPdo()
#4 C:\xampp\htdocs\projetos\yii\advanced\vendor\yiisoft\yii2\db\Command.php(219): yii\db\Connection->getSlavePdo()
#5 C:\xampp\htdocs\projetos\yii\advanced\vendor\yiisoft\yii2\db\Command.php(896): yii\db\Command->prepare(true)
#6 C:\xampp\htdocs\projetos\yii\advanced\vendor\yiisoft\yii2\db\Command.php(362): yii\db\Command->queryInternal('fetchAll', NULL)
#7 C:\xampp\htdocs\projetos\yii\advanced\vendor\yiisoft\yii2\db\mysql\Schema.php(199): yii\db\Command->queryAll()
#8 C:\xampp\htdocs\projetos\yii\advanced\vendor\yiisoft\yii2\db\mysql\Schema.php(98): yii\db\mysql\Schema->findColumns(Object(yii\db\TableSchema))
#9 C:\xampp\htdocs\projetos\yii\advanced\vendor\yiisoft\yii2\db\Schema.php(152): yii\db\mysql\Schema->loadTableSchema('migration')
#10 C:\xampp\htdocs\projetos\yii\advanced\vendor\yiisoft\yii2\console\controllers\MigrateController.php(199): yii\db\Schema->getTableSchema('{{%migration}}', true)
#11 C:\xampp\htdocs\projetos\yii\advanced\vendor\yiisoft\yii2\console\controllers\BaseMigrateController.php(774): yii\console\controllers\MigrateController->getMigrationHistory(NULL)
#12 C:\xampp\htdocs\projetos\yii\advanced\vendor\yiisoft\yii2\console\controllers\BaseMigrateController.php(138): yii\console\controllers\BaseMigrateController->getNewMigrations()
#13 [internal function]: yii\console\controllers\BaseMigrateController->actionUp(0)
#14 C:\xampp\htdocs\projetos\yii\advanced\vendor\yiisoft\yii2\base\InlineAction.php(57): call_user_func_array(Array, Array)
#15 C:\xampp\htdocs\projetos\yii\advanced\vendor\yiisoft\yii2\base\Controller.php(156): yii\base\InlineAction->runWithParams(Array)
#16 C:\xampp\htdocs\projetos\yii\advanced\vendor\yiisoft\yii2\console\Controller.php(128): yii\base\Controller->runAction('', Array)
#17 C:\xampp\htdocs\projetos\yii\advanced\vendor\yiisoft\yii2\base\Module.php(523): yii\console\Controller->runAction('', Array)
#18 C:\xampp\htdocs\projetos\yii\advanced\vendor\yiisoft\yii2\console\Application.php(180): yii\base\Module->runAction('migrate', Array)
#19 C:\xampp\htdocs\projetos\yii\advanced\vendor\yiisoft\yii2\console\Application.php(147): yii\console\Application->runAction('migrate', Array)
#20 C:\xampp\htdocs\projetos\yii\advanced\vendor\yiisoft\yii2\base\Application.php(380): yii\console\Application->handleRequest(Object(yii\console\Request))
#21 C:\xampp\htdocs\projetos\yii\advanced\yii(27): yii\base\Application->run()
#22 {main}

Next exception 'yii\db\Exception' with message 'SQLSTATE[HY000] [2002] Nenhuma conexão pôde ser feita porque a máquina de destino as recusou ativamente.
' in C:\xampp\htdocs\projetos\yii\advanced\vendor\yiisoft\yii2\db\Connection.php:568
Stack trace:
#0 C:\xampp\htdocs\projetos\yii\advanced\vendor\yiisoft\yii2\db\Connection.php(896): yii\db\Connection->open()
#1 C:\xampp\htdocs\projetos\yii\advanced\vendor\yiisoft\yii2\db\Connection.php(883): yii\db\Connection->getMasterPdo()
#2 C:\xampp\htdocs\projetos\yii\advanced\vendor\yiisoft\yii2\db\Command.php(219): yii\db\Connection->getSlavePdo()
#3 C:\xampp\htdocs\projetos\yii\advanced\vendor\yiisoft\yii2\db\Command.php(896): yii\db\Command->prepare(true)
#4 C:\xampp\htdocs\projetos\yii\advanced\vendor\yiisoft\yii2\db\Command.php(362): yii\db\Command->queryInternal('fetchAll', NULL)
#5 C:\xampp\htdocs\projetos\yii\advanced\vendor\yiisoft\yii2\db\mysql\Schema.php(199): yii\db\Command->queryAll()
#6 C:\xampp\htdocs\projetos\yii\advanced\vendor\yiisoft\yii2\db\mysql\Schema.php(98): yii\db\mysql\Schema->findColumns(Object(yii\db\TableSchema))
#7 C:\xampp\htdocs\projetos\yii\advanced\vendor\yiisoft\yii2\db\Schema.php(152): yii\db\mysql\Schema->loadTableSchema('migration')
#8 C:\xampp\htdocs\projetos\yii\advanced\vendor\yiisoft\yii2\console\controllers\MigrateController.php(199): yii\db\Schema->getTableSchema('{{%migration}}', true)
#9 C:\xampp\htdocs\projetos\yii\advanced\vendor\yiisoft\yii2\console\controllers\BaseMigrateController.php(774): yii\console\controllers\MigrateController->getMigrationHistory(NULL)
#10 C:\xampp\htdocs\projetos\yii\advanced\vendor\yiisoft\yii2\console\controllers\BaseMigrateController.php(138): yii\console\controllers\BaseMigrateController->getNewMigrations()
#11 [internal function]: yii\console\controllers\BaseMigrateController->actionUp(0)
#12 C:\xampp\htdocs\projetos\yii\advanced\vendor\yiisoft\yii2\base\InlineAction.php(57): call_user_func_array(Array, Array)
#13 C:\xampp\htdocs\projetos\yii\advanced\vendor\yiisoft\yii2\base\Controller.php(156): yii\base\InlineAction->runWithParams(Array)
#14 C:\xampp\htdocs\projetos\yii\advanced\vendor\yiisoft\yii2\console\Controller.php(128): yii\base\Controller->runAction('', Array)
#15 C:\xampp\htdocs\projetos\yii\advanced\vendor\yiisoft\yii2\base\Module.php(523): yii\console\Controller->runAction('', Array)
#16 C:\xampp\htdocs\projetos\yii\advanced\vendor\yiisoft\yii2\console\Application.php(180): yii\base\Module->runAction('migrate', Array)
#17 C:\xampp\htdocs\projetos\yii\advanced\vendor\yiisoft\yii2\console\Application.php(147): yii\console\Application->runAction('migrate', Array)
#18 C:\xampp\htdocs\projetos\yii\advanced\vendor\yiisoft\yii2\base\Application.php(380): yii\console\Application->handleRequest(Object(yii\console\Request))
#19 C:\xampp\htdocs\projetos\yii\advanced\yii(27): yii\base\Application->run()
#20 {main}
Additional Information:

2017-06-21 04:31:45 [-][-][-][info][application] $_SERVER = [
    'ALLUSERSPROFILE' => 'C:\\ProgramData'
    'APPDATA' => 'C:\\Users\\EMACHINE\\AppData\\Roaming'
    'asl_log' => 'Destination=file'
    'CommonProgramFiles' => 'C:\\Program Files\\Common Files'
    'COMPUTERNAME' => 'THAIS'
    'ComSpec' => 'C:\\WINDOWS\\system32\\cmd.exe'
    'FP_NO_HOST_CHECK' => 'NO'
    'HOMEDRIVE' => 'C:'
    'HOMEPATH' => '\\Users\\EMACHINE'
    'LOCALAPPDATA' => 'C:\\Users\\EMACHINE\\AppData\\Local'
    'LOGONSERVER' => '\\\\THAIS'
    'NUMBER_OF_PROCESSORS' => '2'
    'OneDrive' => 'C:\\Users\\EMACHINE\\OneDrive'
    'OS' => 'Windows_NT'
    'Path' => 'C:\\ProgramData\\Oracle\\Java\\javapath;C:\\Windows\\system32;C:\\Windows;C:\\Windows\\System32\\Wbem;C:\\Windows\\System32\\WindowsPowerShell\\v1.0\\;C:\\Program Files\\Broadcom\\Broadcom 802.11 Network Adapter\\Driver;C:\\WINDOWS\\system32;C:\\WINDOWS;C:\\WINDOWS\\System32\\Wbem;C:\\WINDOWS\\System32\\WindowsPowerShell\\v1.0\\;C:\\Program Files\\CodeBlocks\\MinGW\\bin;C:\\Program Files\\Git\\cmd;C:\\Program Files\\Java\\jdk1.8.0_101/bin;C:\\xampp\\php;C:\\ProgramData\\ComposerSetup\\bin;C:\\Users\\EMACHINE\\AppData\\Local\\Microsoft\\WindowsApps;C:\\Users\\EMACHINE\\AppData\\Roaming\\Composer\\vendor\\bin;C:\\xampp\\htdocs\\yii\\framework'
    'PATHEXT' => '.COM;.EXE;.BAT;.CMD;.VBS;.VBE;.JS;.JSE;.WSF;.WSH;.MSC'
    'PHP_COMMAND' => 'php.exe'
    'PROCESSOR_ARCHITECTURE' => 'x86'
    'PROCESSOR_IDENTIFIER' => 'x86 Family 6 Model 23 Stepping 10, GenuineIntel'
    'PROCESSOR_LEVEL' => '6'
    'PROCESSOR_REVISION' => '170a'
    'ProgramData' => 'C:\\ProgramData'
    'ProgramFiles' => 'C:\\Program Files'
    'PROMPT' => '$P$G'
    'PSModulePath' => 'C:\\WINDOWS\\system32\\WindowsPowerShell\\v1.0\\Modules\\'
    'PUBLIC' => 'C:\\Users\\Public'
    'SystemDrive' => 'C:'
    'SystemRoot' => 'C:\\WINDOWS'
    'TEMP' => 'C:\\Users\\EMACHINE\\AppData\\Local\\Temp'
    'TMP' => 'C:\\Users\\EMACHINE\\AppData\\Local\\Temp'
    'USERDOMAIN' => 'THAIS'
    'USERDOMAIN_ROAMINGPROFILE' => 'THAIS'
    'USERNAME' => 'EMACHINE'
    'USERPROFILE' => 'C:\\Users\\EMACHINE'
    'VBOX_MSI_INSTALL_PATH' => 'C:\\Program Files\\Oracle\\VirtualBox\\'
    'windir' => 'C:\\WINDOWS'
    'YII_PATH' => 'C:\\xampp\\htdocs\\projetos\\yii\\advanced\\'
    'PHP_SELF' => 'C:\\xampp\\htdocs\\projetos\\yii\\advanced\\yii'
    'SCRIPT_NAME' => 'C:\\xampp\\htdocs\\projetos\\yii\\advanced\\yii'
    'SCRIPT_FILENAME' => 'C:\\xampp\\htdocs\\projetos\\yii\\advanced\\yii'
    'PATH_TRANSLATED' => 'C:\\xampp\\htdocs\\projetos\\yii\\advanced\\yii'
    'DOCUMENT_ROOT' => ''
    'REQUEST_TIME_FLOAT' => 1498012304.5117
    'REQUEST_TIME' => 1498012304
    'argv' => [
        0 => 'C:\\xampp\\htdocs\\projetos\\yii\\advanced\\yii'
        1 => 'migrate'
    ]
    'argc' => 2
]
2017-06-21 04:33:18 [-][-][-][error][yii\db\Exception] exception 'PDOException' with message 'SQLSTATE[HY000] [2002] Nenhuma conexão pôde ser feita porque a máquina de destino as recusou ativamente.
' in C:\xampp\htdocs\projetos\yii\advanced\vendor\yiisoft\yii2\db\Connection.php:630
Stack trace:
#0 C:\xampp\htdocs\projetos\yii\advanced\vendor\yiisoft\yii2\db\Connection.php(630): PDO->__construct('mysql:host=127....', 'root', '', NULL)
#1 C:\xampp\htdocs\projetos\yii\advanced\vendor\yiisoft\yii2\db\Connection.php(563): yii\db\Connection->createPdoInstance()
#2 C:\xampp\htdocs\projetos\yii\advanced\vendor\yiisoft\yii2\db\Connection.php(896): yii\db\Connection->open()
#3 C:\xampp\htdocs\projetos\yii\advanced\vendor\yiisoft\yii2\db\Connection.php(883): yii\db\Connection->getMasterPdo()
#4 C:\xampp\htdocs\projetos\yii\advanced\vendor\yiisoft\yii2\db\Command.php(219): yii\db\Connection->getSlavePdo()
#5 C:\xampp\htdocs\projetos\yii\advanced\vendor\yiisoft\yii2\db\Command.php(896): yii\db\Command->prepare(true)
#6 C:\xampp\htdocs\projetos\yii\advanced\vendor\yiisoft\yii2\db\Command.php(362): yii\db\Command->queryInternal('fetchAll', NULL)
#7 C:\xampp\htdocs\projetos\yii\advanced\vendor\yiisoft\yii2\db\mysql\Schema.php(199): yii\db\Command->queryAll()
#8 C:\xampp\htdocs\projetos\yii\advanced\vendor\yiisoft\yii2\db\mysql\Schema.php(98): yii\db\mysql\Schema->findColumns(Object(yii\db\TableSchema))
#9 C:\xampp\htdocs\projetos\yii\advanced\vendor\yiisoft\yii2\db\Schema.php(152): yii\db\mysql\Schema->loadTableSchema('migration')
#10 C:\xampp\htdocs\projetos\yii\advanced\vendor\yiisoft\yii2\console\controllers\MigrateController.php(199): yii\db\Schema->getTableSchema('{{%migration}}', true)
#11 C:\xampp\htdocs\projetos\yii\advanced\vendor\yiisoft\yii2\console\controllers\BaseMigrateController.php(774): yii\console\controllers\MigrateController->getMigrationHistory(NULL)
#12 C:\xampp\htdocs\projetos\yii\advanced\vendor\yiisoft\yii2\console\controllers\BaseMigrateController.php(138): yii\console\controllers\BaseMigrateController->getNewMigrations()
#13 [internal function]: yii\console\controllers\BaseMigrateController->actionUp(0)
#14 C:\xampp\htdocs\projetos\yii\advanced\vendor\yiisoft\yii2\base\InlineAction.php(57): call_user_func_array(Array, Array)
#15 C:\xampp\htdocs\projetos\yii\advanced\vendor\yiisoft\yii2\base\Controller.php(156): yii\base\InlineAction->runWithParams(Array)
#16 C:\xampp\htdocs\projetos\yii\advanced\vendor\yiisoft\yii2\console\Controller.php(128): yii\base\Controller->runAction('', Array)
#17 C:\xampp\htdocs\projetos\yii\advanced\vendor\yiisoft\yii2\base\Module.php(523): yii\console\Controller->runAction('', Array)
#18 C:\xampp\htdocs\projetos\yii\advanced\vendor\yiisoft\yii2\console\Application.php(180): yii\base\Module->runAction('migrate', Array)
#19 C:\xampp\htdocs\projetos\yii\advanced\vendor\yiisoft\yii2\console\Application.php(147): yii\console\Application->runAction('migrate', Array)
#20 C:\xampp\htdocs\projetos\yii\advanced\vendor\yiisoft\yii2\base\Application.php(380): yii\console\Application->handleRequest(Object(yii\console\Request))
#21 C:\xampp\htdocs\projetos\yii\advanced\yii(27): yii\base\Application->run()
#22 {main}

Next exception 'yii\db\Exception' with message 'SQLSTATE[HY000] [2002] Nenhuma conexão pôde ser feita porque a máquina de destino as recusou ativamente.
' in C:\xampp\htdocs\projetos\yii\advanced\vendor\yiisoft\yii2\db\Connection.php:568
Stack trace:
#0 C:\xampp\htdocs\projetos\yii\advanced\vendor\yiisoft\yii2\db\Connection.php(896): yii\db\Connection->open()
#1 C:\xampp\htdocs\projetos\yii\advanced\vendor\yiisoft\yii2\db\Connection.php(883): yii\db\Connection->getMasterPdo()
#2 C:\xampp\htdocs\projetos\yii\advanced\vendor\yiisoft\yii2\db\Command.php(219): yii\db\Connection->getSlavePdo()
#3 C:\xampp\htdocs\projetos\yii\advanced\vendor\yiisoft\yii2\db\Command.php(896): yii\db\Command->prepare(true)
#4 C:\xampp\htdocs\projetos\yii\advanced\vendor\yiisoft\yii2\db\Command.php(362): yii\db\Command->queryInternal('fetchAll', NULL)
#5 C:\xampp\htdocs\projetos\yii\advanced\vendor\yiisoft\yii2\db\mysql\Schema.php(199): yii\db\Command->queryAll()
#6 C:\xampp\htdocs\projetos\yii\advanced\vendor\yiisoft\yii2\db\mysql\Schema.php(98): yii\db\mysql\Schema->findColumns(Object(yii\db\TableSchema))
#7 C:\xampp\htdocs\projetos\yii\advanced\vendor\yiisoft\yii2\db\Schema.php(152): yii\db\mysql\Schema->loadTableSchema('migration')
#8 C:\xampp\htdocs\projetos\yii\advanced\vendor\yiisoft\yii2\console\controllers\MigrateController.php(199): yii\db\Schema->getTableSchema('{{%migration}}', true)
#9 C:\xampp\htdocs\projetos\yii\advanced\vendor\yiisoft\yii2\console\controllers\BaseMigrateController.php(774): yii\console\controllers\MigrateController->getMigrationHistory(NULL)
#10 C:\xampp\htdocs\projetos\yii\advanced\vendor\yiisoft\yii2\console\controllers\BaseMigrateController.php(138): yii\console\controllers\BaseMigrateController->getNewMigrations()
#11 [internal function]: yii\console\controllers\BaseMigrateController->actionUp(0)
#12 C:\xampp\htdocs\projetos\yii\advanced\vendor\yiisoft\yii2\base\InlineAction.php(57): call_user_func_array(Array, Array)
#13 C:\xampp\htdocs\projetos\yii\advanced\vendor\yiisoft\yii2\base\Controller.php(156): yii\base\InlineAction->runWithParams(Array)
#14 C:\xampp\htdocs\projetos\yii\advanced\vendor\yiisoft\yii2\console\Controller.php(128): yii\base\Controller->runAction('', Array)
#15 C:\xampp\htdocs\projetos\yii\advanced\vendor\yiisoft\yii2\base\Module.php(523): yii\console\Controller->runAction('', Array)
#16 C:\xampp\htdocs\projetos\yii\advanced\vendor\yiisoft\yii2\console\Application.php(180): yii\base\Module->runAction('migrate', Array)
#17 C:\xampp\htdocs\projetos\yii\advanced\vendor\yiisoft\yii2\console\Application.php(147): yii\console\Application->runAction('migrate', Array)
#18 C:\xampp\htdocs\projetos\yii\advanced\vendor\yiisoft\yii2\base\Application.php(380): yii\console\Application->handleRequest(Object(yii\console\Request))
#19 C:\xampp\htdocs\projetos\yii\advanced\yii(27): yii\base\Application->run()
#20 {main}
Additional Information:

2017-06-21 04:33:17 [-][-][-][info][application] $_SERVER = [
    'ALLUSERSPROFILE' => 'C:\\ProgramData'
    'APPDATA' => 'C:\\Users\\EMACHINE\\AppData\\Roaming'
    'asl_log' => 'Destination=file'
    'CommonProgramFiles' => 'C:\\Program Files\\Common Files'
    'COMPUTERNAME' => 'THAIS'
    'ComSpec' => 'C:\\WINDOWS\\system32\\cmd.exe'
    'FP_NO_HOST_CHECK' => 'NO'
    'HOMEDRIVE' => 'C:'
    'HOMEPATH' => '\\Users\\EMACHINE'
    'LOCALAPPDATA' => 'C:\\Users\\EMACHINE\\AppData\\Local'
    'LOGONSERVER' => '\\\\THAIS'
    'NUMBER_OF_PROCESSORS' => '2'
    'OneDrive' => 'C:\\Users\\EMACHINE\\OneDrive'
    'OS' => 'Windows_NT'
    'Path' => 'C:\\ProgramData\\Oracle\\Java\\javapath;C:\\Windows\\system32;C:\\Windows;C:\\Windows\\System32\\Wbem;C:\\Windows\\System32\\WindowsPowerShell\\v1.0\\;C:\\Program Files\\Broadcom\\Broadcom 802.11 Network Adapter\\Driver;C:\\WINDOWS\\system32;C:\\WINDOWS;C:\\WINDOWS\\System32\\Wbem;C:\\WINDOWS\\System32\\WindowsPowerShell\\v1.0\\;C:\\Program Files\\CodeBlocks\\MinGW\\bin;C:\\Program Files\\Git\\cmd;C:\\Program Files\\Java\\jdk1.8.0_101/bin;C:\\xampp\\php;C:\\ProgramData\\ComposerSetup\\bin;C:\\Users\\EMACHINE\\AppData\\Local\\Microsoft\\WindowsApps;C:\\Users\\EMACHINE\\AppData\\Roaming\\Composer\\vendor\\bin;C:\\xampp\\htdocs\\yii\\framework'
    'PATHEXT' => '.COM;.EXE;.BAT;.CMD;.VBS;.VBE;.JS;.JSE;.WSF;.WSH;.MSC'
    'PHP_COMMAND' => 'php.exe'
    'PROCESSOR_ARCHITECTURE' => 'x86'
    'PROCESSOR_IDENTIFIER' => 'x86 Family 6 Model 23 Stepping 10, GenuineIntel'
    'PROCESSOR_LEVEL' => '6'
    'PROCESSOR_REVISION' => '170a'
    'ProgramData' => 'C:\\ProgramData'
    'ProgramFiles' => 'C:\\Program Files'
    'PROMPT' => '$P$G'
    'PSModulePath' => 'C:\\WINDOWS\\system32\\WindowsPowerShell\\v1.0\\Modules\\'
    'PUBLIC' => 'C:\\Users\\Public'
    'SystemDrive' => 'C:'
    'SystemRoot' => 'C:\\WINDOWS'
    'TEMP' => 'C:\\Users\\EMACHINE\\AppData\\Local\\Temp'
    'TMP' => 'C:\\Users\\EMACHINE\\AppData\\Local\\Temp'
    'USERDOMAIN' => 'THAIS'
    'USERDOMAIN_ROAMINGPROFILE' => 'THAIS'
    'USERNAME' => 'EMACHINE'
    'USERPROFILE' => 'C:\\Users\\EMACHINE'
    'VBOX_MSI_INSTALL_PATH' => 'C:\\Program Files\\Oracle\\VirtualBox\\'
    'windir' => 'C:\\WINDOWS'
    'YII_PATH' => 'C:\\xampp\\htdocs\\projetos\\yii\\advanced\\'
    'PHP_SELF' => 'C:\\xampp\\htdocs\\projetos\\yii\\advanced\\yii'
    'SCRIPT_NAME' => 'C:\\xampp\\htdocs\\projetos\\yii\\advanced\\yii'
    'SCRIPT_FILENAME' => 'C:\\xampp\\htdocs\\projetos\\yii\\advanced\\yii'
    'PATH_TRANSLATED' => 'C:\\xampp\\htdocs\\projetos\\yii\\advanced\\yii'
    'DOCUMENT_ROOT' => ''
    'REQUEST_TIME_FLOAT' => 1498012397.3163
    'REQUEST_TIME' => 1498012397
    'argv' => [
        0 => 'C:\\xampp\\htdocs\\projetos\\yii\\advanced\\yii'
        1 => 'migrate'
    ]
    'argc' => 2
]
2017-06-21 04:36:13 [-][-][-][error][yii\db\Exception] exception 'yii\base\ErrorException' with message 'PDO::__construct(): php_network_getaddresses: getaddrinfo failed: Este host não é conhecido. ' in C:\xampp\htdocs\projetos\yii\advanced\vendor\yiisoft\yii2\db\Connection.php:630
Stack trace:
#0 [internal function]: yii\base\ErrorHandler->handleError(2, 'PDO::__construc...', 'C:\\xampp\\htdocs...', 630, Array)
#1 C:\xampp\htdocs\projetos\yii\advanced\vendor\yiisoft\yii2\db\Connection.php(630): PDO->__construct('mysql:host="127...', 'root', '', NULL)
#2 C:\xampp\htdocs\projetos\yii\advanced\vendor\yiisoft\yii2\db\Connection.php(563): yii\db\Connection->createPdoInstance()
#3 C:\xampp\htdocs\projetos\yii\advanced\vendor\yiisoft\yii2\db\Connection.php(896): yii\db\Connection->open()
#4 C:\xampp\htdocs\projetos\yii\advanced\vendor\yiisoft\yii2\db\Connection.php(883): yii\db\Connection->getMasterPdo()
#5 C:\xampp\htdocs\projetos\yii\advanced\vendor\yiisoft\yii2\db\Command.php(219): yii\db\Connection->getSlavePdo()
#6 C:\xampp\htdocs\projetos\yii\advanced\vendor\yiisoft\yii2\db\Command.php(896): yii\db\Command->prepare(true)
#7 C:\xampp\htdocs\projetos\yii\advanced\vendor\yiisoft\yii2\db\Command.php(362): yii\db\Command->queryInternal('fetchAll', NULL)
#8 C:\xampp\htdocs\projetos\yii\advanced\vendor\yiisoft\yii2\db\mysql\Schema.php(199): yii\db\Command->queryAll()
#9 C:\xampp\htdocs\projetos\yii\advanced\vendor\yiisoft\yii2\db\mysql\Schema.php(98): yii\db\mysql\Schema->findColumns(Object(yii\db\TableSchema))
#10 C:\xampp\htdocs\projetos\yii\advanced\vendor\yiisoft\yii2\db\Schema.php(152): yii\db\mysql\Schema->loadTableSchema('migration')
#11 C:\xampp\htdocs\projetos\yii\advanced\vendor\yiisoft\yii2\console\controllers\MigrateController.php(199): yii\db\Schema->getTableSchema('{{%migration}}', true)
#12 C:\xampp\htdocs\projetos\yii\advanced\vendor\yiisoft\yii2\console\controllers\BaseMigrateController.php(774): yii\console\controllers\MigrateController->getMigrationHistory(NULL)
#13 C:\xampp\htdocs\projetos\yii\advanced\vendor\yiisoft\yii2\console\controllers\BaseMigrateController.php(138): yii\console\controllers\BaseMigrateController->getNewMigrations()
#14 [internal function]: yii\console\controllers\BaseMigrateController->actionUp(0)
#15 C:\xampp\htdocs\projetos\yii\advanced\vendor\yiisoft\yii2\base\InlineAction.php(57): call_user_func_array(Array, Array)
#16 C:\xampp\htdocs\projetos\yii\advanced\vendor\yiisoft\yii2\base\Controller.php(156): yii\base\InlineAction->runWithParams(Array)
#17 C:\xampp\htdocs\projetos\yii\advanced\vendor\yiisoft\yii2\console\Controller.php(128): yii\base\Controller->runAction('', Array)
#18 C:\xampp\htdocs\projetos\yii\advanced\vendor\yiisoft\yii2\base\Module.php(523): yii\console\Controller->runAction('', Array)
#19 C:\xampp\htdocs\projetos\yii\advanced\vendor\yiisoft\yii2\console\Application.php(180): yii\base\Module->runAction('migrate', Array)
#20 C:\xampp\htdocs\projetos\yii\advanced\vendor\yiisoft\yii2\console\Application.php(147): yii\console\Application->runAction('migrate', Array)
#21 C:\xampp\htdocs\projetos\yii\advanced\vendor\yiisoft\yii2\base\Application.php(380): yii\console\Application->handleRequest(Object(yii\console\Request))
#22 C:\xampp\htdocs\projetos\yii\advanced\yii(27): yii\base\Application->run()
#23 {main}

Next exception 'PDOException' with message 'SQLSTATE[HY000] [2002] php_network_getaddresses: getaddrinfo failed: Este host não é conhecido. ' in C:\xampp\htdocs\projetos\yii\advanced\vendor\yiisoft\yii2\db\Connection.php:630
Stack trace:
#0 C:\xampp\htdocs\projetos\yii\advanced\vendor\yiisoft\yii2\db\Connection.php(0): PDO->__construct()
#1 C:\xampp\htdocs\projetos\yii\advanced\vendor\yiisoft\yii2\db\Connection.php(563): yii\db\Connection->createPdoInstance()
#2 C:\xampp\htdocs\projetos\yii\advanced\vendor\yiisoft\yii2\db\Connection.php(896): yii\db\Connection->open()
#3 C:\xampp\htdocs\projetos\yii\advanced\vendor\yiisoft\yii2\db\Connection.php(883): yii\db\Connection->getMasterPdo()
#4 C:\xampp\htdocs\projetos\yii\advanced\vendor\yiisoft\yii2\db\Command.php(219): yii\db\Connection->getSlavePdo()
#5 C:\xampp\htdocs\projetos\yii\advanced\vendor\yiisoft\yii2\db\Command.php(896): yii\db\Command->prepare(true)
#6 C:\xampp\htdocs\projetos\yii\advanced\vendor\yiisoft\yii2\db\Command.php(362): yii\db\Command->queryInternal('fetchAll', NULL)
#7 C:\xampp\htdocs\projetos\yii\advanced\vendor\yiisoft\yii2\db\mysql\Schema.php(199): yii\db\Command->queryAll()
#8 C:\xampp\htdocs\projetos\yii\advanced\vendor\yiisoft\yii2\db\mysql\Schema.php(98): yii\db\mysql\Schema->findColumns(Object(yii\db\TableSchema))
#9 C:\xampp\htdocs\projetos\yii\advanced\vendor\yiisoft\yii2\db\Schema.php(152): yii\db\mysql\Schema->loadTableSchema('migration')
#10 C:\xampp\htdocs\projetos\yii\advanced\vendor\yiisoft\yii2\console\controllers\MigrateController.php(199): yii\db\Schema->getTableSchema('{{%migration}}', true)
#11 C:\xampp\htdocs\projetos\yii\advanced\vendor\yiisoft\yii2\console\controllers\BaseMigrateController.php(774): yii\console\controllers\MigrateController->getMigrationHistory(NULL)
#12 C:\xampp\htdocs\projetos\yii\advanced\vendor\yiisoft\yii2\console\controllers\BaseMigrateController.php(138): yii\console\controllers\BaseMigrateController->getNewMigrations()
#13 [internal function]: yii\console\controllers\BaseMigrateController->actionUp(0)
#14 C:\xampp\htdocs\projetos\yii\advanced\vendor\yiisoft\yii2\base\InlineAction.php(57): call_user_func_array(Array, Array)
#15 C:\xampp\htdocs\projetos\yii\advanced\vendor\yiisoft\yii2\base\Controller.php(156): yii\base\InlineAction->runWithParams(Array)
#16 C:\xampp\htdocs\projetos\yii\advanced\vendor\yiisoft\yii2\console\Controller.php(128): yii\base\Controller->runAction('', Array)
#17 C:\xampp\htdocs\projetos\yii\advanced\vendor\yiisoft\yii2\base\Module.php(523): yii\console\Controller->runAction('', Array)
#18 C:\xampp\htdocs\projetos\yii\advanced\vendor\yiisoft\yii2\console\Application.php(180): yii\base\Module->runAction('migrate', Array)
#19 C:\xampp\htdocs\projetos\yii\advanced\vendor\yiisoft\yii2\console\Application.php(147): yii\console\Application->runAction('migrate', Array)
#20 C:\xampp\htdocs\projetos\yii\advanced\vendor\yiisoft\yii2\base\Application.php(380): yii\console\Application->handleRequest(Object(yii\console\Request))
#21 C:\xampp\htdocs\projetos\yii\advanced\yii(27): yii\base\Application->run()
#22 {main}

Next exception 'yii\db\Exception' with message 'SQLSTATE[HY000] [2002] php_network_getaddresses: getaddrinfo failed: Este host não é conhecido. ' in C:\xampp\htdocs\projetos\yii\advanced\vendor\yiisoft\yii2\db\Connection.php:568
Stack trace:
#0 C:\xampp\htdocs\projetos\yii\advanced\vendor\yiisoft\yii2\db\Connection.php(896): yii\db\Connection->open()
#1 C:\xampp\htdocs\projetos\yii\advanced\vendor\yiisoft\yii2\db\Connection.php(883): yii\db\Connection->getMasterPdo()
#2 C:\xampp\htdocs\projetos\yii\advanced\vendor\yiisoft\yii2\db\Command.php(219): yii\db\Connection->getSlavePdo()
#3 C:\xampp\htdocs\projetos\yii\advanced\vendor\yiisoft\yii2\db\Command.php(896): yii\db\Command->prepare(true)
#4 C:\xampp\htdocs\projetos\yii\advanced\vendor\yiisoft\yii2\db\Command.php(362): yii\db\Command->queryInternal('fetchAll', NULL)
#5 C:\xampp\htdocs\projetos\yii\advanced\vendor\yiisoft\yii2\db\mysql\Schema.php(199): yii\db\Command->queryAll()
#6 C:\xampp\htdocs\projetos\yii\advanced\vendor\yiisoft\yii2\db\mysql\Schema.php(98): yii\db\mysql\Schema->findColumns(Object(yii\db\TableSchema))
#7 C:\xampp\htdocs\projetos\yii\advanced\vendor\yiisoft\yii2\db\Schema.php(152): yii\db\mysql\Schema->loadTableSchema('migration')
#8 C:\xampp\htdocs\projetos\yii\advanced\vendor\yiisoft\yii2\console\controllers\MigrateController.php(199): yii\db\Schema->getTableSchema('{{%migration}}', true)
#9 C:\xampp\htdocs\projetos\yii\advanced\vendor\yiisoft\yii2\console\controllers\BaseMigrateController.php(774): yii\console\controllers\MigrateController->getMigrationHistory(NULL)
#10 C:\xampp\htdocs\projetos\yii\advanced\vendor\yiisoft\yii2\console\controllers\BaseMigrateController.php(138): yii\console\controllers\BaseMigrateController->getNewMigrations()
#11 [internal function]: yii\console\controllers\BaseMigrateController->actionUp(0)
#12 C:\xampp\htdocs\projetos\yii\advanced\vendor\yiisoft\yii2\base\InlineAction.php(57): call_user_func_array(Array, Array)
#13 C:\xampp\htdocs\projetos\yii\advanced\vendor\yiisoft\yii2\base\Controller.php(156): yii\base\InlineAction->runWithParams(Array)
#14 C:\xampp\htdocs\projetos\yii\advanced\vendor\yiisoft\yii2\console\Controller.php(128): yii\base\Controller->runAction('', Array)
#15 C:\xampp\htdocs\projetos\yii\advanced\vendor\yiisoft\yii2\base\Module.php(523): yii\console\Controller->runAction('', Array)
#16 C:\xampp\htdocs\projetos\yii\advanced\vendor\yiisoft\yii2\console\Application.php(180): yii\base\Module->runAction('migrate', Array)
#17 C:\xampp\htdocs\projetos\yii\advanced\vendor\yiisoft\yii2\console\Application.php(147): yii\console\Application->runAction('migrate', Array)
#18 C:\xampp\htdocs\projetos\yii\advanced\vendor\yiisoft\yii2\base\Application.php(380): yii\console\Application->handleRequest(Object(yii\console\Request))
#19 C:\xampp\htdocs\projetos\yii\advanced\yii(27): yii\base\Application->run()
#20 {main}
Additional Information:

2017-06-21 04:36:13 [-][-][-][info][application] $_SERVER = [
    'ALLUSERSPROFILE' => 'C:\\ProgramData'
    'APPDATA' => 'C:\\Users\\EMACHINE\\AppData\\Roaming'
    'asl_log' => 'Destination=file'
    'CommonProgramFiles' => 'C:\\Program Files\\Common Files'
    'COMPUTERNAME' => 'THAIS'
    'ComSpec' => 'C:\\WINDOWS\\system32\\cmd.exe'
    'FP_NO_HOST_CHECK' => 'NO'
    'HOMEDRIVE' => 'C:'
    'HOMEPATH' => '\\Users\\EMACHINE'
    'LOCALAPPDATA' => 'C:\\Users\\EMACHINE\\AppData\\Local'
    'LOGONSERVER' => '\\\\THAIS'
    'NUMBER_OF_PROCESSORS' => '2'
    'OneDrive' => 'C:\\Users\\EMACHINE\\OneDrive'
    'OS' => 'Windows_NT'
    'Path' => 'C:\\ProgramData\\Oracle\\Java\\javapath;C:\\Windows\\system32;C:\\Windows;C:\\Windows\\System32\\Wbem;C:\\Windows\\System32\\WindowsPowerShell\\v1.0\\;C:\\Program Files\\Broadcom\\Broadcom 802.11 Network Adapter\\Driver;C:\\WINDOWS\\system32;C:\\WINDOWS;C:\\WINDOWS\\System32\\Wbem;C:\\WINDOWS\\System32\\WindowsPowerShell\\v1.0\\;C:\\Program Files\\CodeBlocks\\MinGW\\bin;C:\\Program Files\\Git\\cmd;C:\\Program Files\\Java\\jdk1.8.0_101/bin;C:\\xampp\\php;C:\\ProgramData\\ComposerSetup\\bin;C:\\Users\\EMACHINE\\AppData\\Local\\Microsoft\\WindowsApps;C:\\Users\\EMACHINE\\AppData\\Roaming\\Composer\\vendor\\bin;C:\\xampp\\htdocs\\yii\\framework'
    'PATHEXT' => '.COM;.EXE;.BAT;.CMD;.VBS;.VBE;.JS;.JSE;.WSF;.WSH;.MSC'
    'PHP_COMMAND' => 'php.exe'
    'PROCESSOR_ARCHITECTURE' => 'x86'
    'PROCESSOR_IDENTIFIER' => 'x86 Family 6 Model 23 Stepping 10, GenuineIntel'
    'PROCESSOR_LEVEL' => '6'
    'PROCESSOR_REVISION' => '170a'
    'ProgramData' => 'C:\\ProgramData'
    'ProgramFiles' => 'C:\\Program Files'
    'PROMPT' => '$P$G'
    'PSModulePath' => 'C:\\WINDOWS\\system32\\WindowsPowerShell\\v1.0\\Modules\\'
    'PUBLIC' => 'C:\\Users\\Public'
    'SystemDrive' => 'C:'
    'SystemRoot' => 'C:\\WINDOWS'
    'TEMP' => 'C:\\Users\\EMACHINE\\AppData\\Local\\Temp'
    'TMP' => 'C:\\Users\\EMACHINE\\AppData\\Local\\Temp'
    'USERDOMAIN' => 'THAIS'
    'USERDOMAIN_ROAMINGPROFILE' => 'THAIS'
    'USERNAME' => 'EMACHINE'
    'USERPROFILE' => 'C:\\Users\\EMACHINE'
    'VBOX_MSI_INSTALL_PATH' => 'C:\\Program Files\\Oracle\\VirtualBox\\'
    'windir' => 'C:\\WINDOWS'
    'YII_PATH' => 'C:\\xampp\\htdocs\\projetos\\yii\\advanced\\'
    'PHP_SELF' => 'C:\\xampp\\htdocs\\projetos\\yii\\advanced\\yii'
    'SCRIPT_NAME' => 'C:\\xampp\\htdocs\\projetos\\yii\\advanced\\yii'
    'SCRIPT_FILENAME' => 'C:\\xampp\\htdocs\\projetos\\yii\\advanced\\yii'
    'PATH_TRANSLATED' => 'C:\\xampp\\htdocs\\projetos\\yii\\advanced\\yii'
    'DOCUMENT_ROOT' => ''
    'REQUEST_TIME_FLOAT' => 1498012573.7641
    'REQUEST_TIME' => 1498012573
    'argv' => [
        0 => 'C:\\xampp\\htdocs\\projetos\\yii\\advanced\\yii'
        1 => 'migrate'
    ]
    'argc' => 2
]
